# JRE version: OpenJDK Runtime Environment Temurin-11.0.12+7 (11.0.12+7) (build 11.0.12+7)
# Java VM: OpenJDK 64-Bit Server VM Temurin-11.0.12+7 (11.0.12+7, mixed mode, tiered, compressed oops, g1 gc, windows-amd64)
Heap:
 garbage-first heap   total 150528K, used 27032K [0x0000000088800000, 0x0000000100000000)
  region size 1024K, 10 young (10240K), 4 survivors (4096K)
 Metaspace       used 27194K, capacity 27438K, committed 27520K, reserved 1073152K
  class space    used 3070K, capacity 3154K, committed 3200K, reserved 1048576K
GC Heap History (12 events):
Event: 1.401 GC heap before
{Heap before GC invocations=0 (full 0):
 garbage-first heap   total 122880K, used 14336K [0x0000000088800000, 0x0000000100000000)
  region size 1024K, 14 young (14336K), 0 survivors (0K)
 Metaspace       used 8018K, capacity 8096K, committed 8192K, reserved 1056768K
  class space    used 686K, capacity 691K, committed 768K, reserved 1048576K
}
Event: 1.437 GC heap after
{Heap after GC invocations=1 (full 0):
 garbage-first heap   total 122880K, used 4845K [0x0000000088800000, 0x0000000100000000)
  region size 1024K, 2 young (2048K), 2 survivors (2048K)
 Metaspace       used 8018K, capacity 8096K, committed 8192K, reserved 1056768K
  class space    used 686K, capacity 691K, committed 768K, reserved 1048576K
}
Event: 2.659 GC heap before
{Heap before GC invocations=1 (full 0):
 garbage-first heap   total 122880K, used 29421K [0x0000000088800000, 0x0000000100000000)
  region size 1024K, 27 young (27648K), 2 survivors (2048K)
 Metaspace       used 10364K, capacity 10560K, committed 10752K, reserved 1058816K
  class space    used 956K, capacity 1024K, committed 1024K, reserved 1048576K
}
Event: 2.673 GC heap after
{Heap after GC invocations=2 (full 0):
 garbage-first heap   total 122880K, used 9351K [0x0000000088800000, 0x0000000100000000)
  region size 1024K, 4 young (4096K), 4 survivors (4096K)
 Metaspace       used 10364K, capacity 10560K, committed 10752K, reserved 1058816K
  class space    used 956K, capacity 1024K, committed 1024K, reserved 1048576K
}
Event: 4.298 GC heap before
{Heap before GC invocations=2 (full 0):
 garbage-first heap   total 122880K, used 40071K [0x0000000088800000, 0x0000000100000000)
  region size 1024K, 29 young (29696K), 4 survivors (4096K)
 Metaspace       used 15837K, capacity 16050K, committed 16128K, reserved 1062912K
  class space    used 1675K, capacity 1746K, committed 1792K, reserved 1048576K
}
Event: 4.324 GC heap after
{Heap after GC invocations=3 (full 0):
 garbage-first heap   total 122880K, used 13523K [0x0000000088800000, 0x0000000100000000)
  region size 1024K, 4 young (4096K), 4 survivors (4096K)
 Metaspace       used 15837K, capacity 16050K, committed 16128K, reserved 1062912K
  class space    used 1675K, capacity 1746K, committed 1792K, reserved 1048576K
}
Event: 5.938 GC heap before
{Heap before GC invocations=3 (full 0):
 garbage-first heap   total 122880K, used 44243K [0x0000000088800000, 0x0000000100000000)
  region size 1024K, 35 young (35840K), 4 survivors (4096K)
 Metaspace       used 19617K, capacity 19774K, committed 19968K, reserved 1067008K
  class space    used 2208K, capacity 2272K, committed 2304K, reserved 1048576K
}
Event: 5.961 GC heap after
{Heap after GC invocations=4 (full 0):
 garbage-first heap   total 122880K, used 17408K [0x0000000088800000, 0x0000000100000000)
  region size 1024K, 5 young (5120K), 5 survivors (5120K)
 Metaspace       used 19617K, capacity 19774K, committed 19968K, reserved 1067008K
  class space    used 2208K, capacity 2272K, committed 2304K, reserved 1048576K
}
Event: 6.524 GC heap before
{Heap before GC invocations=4 (full 0):
 garbage-first heap   total 122880K, used 22528K [0x0000000088800000, 0x0000000100000000)
  region size 1024K, 11 young (11264K), 5 survivors (5120K)
 Metaspace       used 20959K, capacity 21124K, committed 21248K, reserved 1069056K
  class space    used 2401K, capacity 2465K, committed 2560K, reserved 1048576K
}
Event: 6.550 GC heap after
{Heap after GC invocations=5 (full 0):
 garbage-first heap   total 150528K, used 18764K [0x0000000088800000, 0x0000000100000000)
  region size 1024K, 4 young (4096K), 4 survivors (4096K)
 Metaspace       used 20959K, capacity 21124K, committed 21248K, reserved 1069056K
  class space    used 2401K, capacity 2465K, committed 2560K, reserved 1048576K
}
Event: 11.231 GC heap before
{Heap before GC invocations=6 (full 0):
 garbage-first heap   total 150528K, used 56652K [0x0000000088800000, 0x0000000100000000)
  region size 1024K, 41 young (41984K), 4 survivors (4096K)
 Metaspace       used 25476K, capacity 25748K, committed 25856K, reserved 1073152K
  class space    used 2910K, capacity 3016K, committed 3072K, reserved 1048576K
}
Event: 11.277 GC heap after
{Heap after GC invocations=7 (full 0):
 garbage-first heap   total 150528K, used 21912K [0x0000000088800000, 0x0000000100000000)
  region size 1024K, 4 young (4096K), 4 survivors (4096K)
 Metaspace       used 25476K, capacity 25748K, committed 25856K, reserved 1073152K
  class space    used 2910K, capacity 3016K, committed 3072K, reserved 1048576K
}

